<?xml version="1.0" encoding="UTF-8"?>
<testsuite xmlns:xsi="http://www.w3.org/2001/XMLSchema-instance" xsi:noNamespaceSchemaLocation="https://maven.apache.org/surefire/maven-surefire-plugin/xsd/surefire-test-report-3.0.xsd" version="3.0" name="test.AccountDAOTest" time="1.627" tests="1" errors="1" skipped="0" failures="0">
  <properties>
[...]
</properties>
  <testcase name="testFindByUsernameAndPassword_Success" classname="test.AccountDAOTest" time="0.947">
    <error message="Exception [EclipseLink-4002] (Eclipse Persistence Services - 4.0.2.v202306161219): org.eclipse.persistence.exceptions.DatabaseException&#10;Internal Exception: java.sql.SQLIntegrityConstraintViolationException: Duplicate entry &apos;testuser&apos; for key &apos;accounts.USERNAME&apos;&#10;Error Code: 1062&#10;Call: INSERT INTO accounts (AVATAR, EMAIL, ISACTIVE, PASSWORD, PHONE, USERNAME, DTYPE) VALUES (?, ?, ?, ?, ?, ?, ?)&#10;	bind =&gt; [null, test@example.com, true, testpass, null, testuser, Account]&#10;Query: InsertObjectQuery(Model.Account@31ff1390)" type="jakarta.persistence.RollbackException"><![CDATA[jakarta.persistence.RollbackException: 
Exception [EclipseLink-4002] (Eclipse Persistence Services - 4.0.2.v202306161219): org.eclipse.persistence.exceptions.DatabaseException
Internal Exception: java.sql.SQLIntegrityConstraintViolationException: Duplicate entry 'testuser' for key 'accounts.USERNAME'
Error Code: 1062
Call: INSERT INTO accounts (AVATAR, EMAIL, ISACTIVE, PASSWORD, PHONE, USERNAME, DTYPE) VALUES (?, ?, ?, ?, ?, ?, ?)
	bind => [null, test@example.com, true, testpass, null, testuser, Account]
Query: InsertObjectQuery(Model.Account@31ff1390)
	at org.eclipse.persistence.internal.jpa.transaction.EntityTransactionImpl.commit(EntityTransactionImpl.java:162)
	at test.AccountDAOTest.setUp(AccountDAOTest.java:48)
	at java.base/java.lang.reflect.Method.invoke(Method.java:580)
	at java.base/java.util.ArrayList.forEach(ArrayList.java:1597)
	at java.base/java.util.ArrayList.forEach(ArrayList.java:1597)
Caused by: Exception [EclipseLink-4002] (Eclipse Persistence Services - 4.0.2.v202306161219): org.eclipse.persistence.exceptions.DatabaseException
Internal Exception: java.sql.SQLIntegrityConstraintViolationException: Duplicate entry 'testuser' for key 'accounts.USERNAME'
Error Code: 1062
Call: INSERT INTO accounts (AVATAR, EMAIL, ISACTIVE, PASSWORD, PHONE, USERNAME, DTYPE) VALUES (?, ?, ?, ?, ?, ?, ?)
	bind => [null, test@example.com, true, testpass, null, testuser, Account]
Query: InsertObjectQuery(Model.Account@31ff1390)
	at org.eclipse.persistence.exceptions.DatabaseException.sqlException(DatabaseException.java:334)
	at org.eclipse.persistence.internal.databaseaccess.DatabaseAccessor.executeDirectNoSelect(DatabaseAccessor.java:919)
	at org.eclipse.persistence.internal.databaseaccess.DatabaseAccessor.executeNoSelect(DatabaseAccessor.java:981)
	at org.eclipse.persistence.internal.databaseaccess.DatabaseAccessor.basicExecuteCall(DatabaseAccessor.java:642)
	at org.eclipse.persistence.internal.databaseaccess.DatabaseAccessor.executeCall(DatabaseAccessor.java:569)
	at org.eclipse.persistence.internal.sessions.AbstractSession.basicExecuteCall(AbstractSession.java:2048)
	at org.eclipse.persistence.sessions.server.ClientSession.executeCall(ClientSession.java:311)
	at org.eclipse.persistence.internal.queries.DatasourceCallQueryMechanism.executeCall(DatasourceCallQueryMechanism.java:280)
	at org.eclipse.persistence.internal.queries.DatasourceCallQueryMechanism.executeCall(DatasourceCallQueryMechanism.java:266)
	at org.eclipse.persistence.internal.queries.DatasourceCallQueryMechanism.insertObject(DatasourceCallQueryMechanism.java:436)
	at org.eclipse.persistence.internal.queries.StatementQueryMechanism.insertObject(StatementQueryMechanism.java:193)
	at org.eclipse.persistence.internal.queries.StatementQueryMechanism.insertObject(StatementQueryMechanism.java:209)
	at org.eclipse.persistence.internal.queries.DatabaseQueryMechanism.insertObjectForWrite(DatabaseQueryMechanism.java:514)
	at org.eclipse.persistence.queries.InsertObjectQuery.executeCommit(InsertObjectQuery.java:86)
	at org.eclipse.persistence.queries.InsertObjectQuery.executeCommitWithChangeSet(InsertObjectQuery.java:97)
	at org.eclipse.persistence.internal.queries.DatabaseQueryMechanism.executeWriteWithChangeSet(DatabaseQueryMechanism.java:326)
	at org.eclipse.persistence.queries.WriteObjectQuery.executeDatabaseQuery(WriteObjectQuery.java:61)
	at org.eclipse.persistence.queries.DatabaseQuery.execute(DatabaseQuery.java:913)
	at org.eclipse.persistence.queries.DatabaseQuery.executeInUnitOfWork(DatabaseQuery.java:812)
	at org.eclipse.persistence.queries.ObjectLevelModifyQuery.executeInUnitOfWorkObjectLevelModifyQuery(ObjectLevelModifyQuery.java:109)
	at org.eclipse.persistence.queries.ObjectLevelModifyQuery.executeInUnitOfWork(ObjectLevelModifyQuery.java:86)
	at org.eclipse.persistence.internal.sessions.UnitOfWorkImpl.internalExecuteQuery(UnitOfWorkImpl.java:3025)
	at org.eclipse.persistence.internal.sessions.AbstractSession.executeQuery(AbstractSession.java:1841)
	at org.eclipse.persistence.internal.sessions.AbstractSession.executeQuery(AbstractSession.java:1823)
	at org.eclipse.persistence.internal.sessions.AbstractSession.executeQuery(AbstractSession.java:1773)
	at org.eclipse.persistence.internal.sessions.CommitManager.commitNewObjectsForClassWithChangeSet(CommitManager.java:248)
	at org.eclipse.persistence.internal.sessions.CommitManager.commitAllObjectsWithChangeSet(CommitManager.java:147)
	at org.eclipse.persistence.internal.sessions.AbstractSession.writeAllObjectsWithChangeSet(AbstractSession.java:4335)
	at org.eclipse.persistence.internal.sessions.UnitOfWorkImpl.commitToDatabase(UnitOfWorkImpl.java:1515)
	at org.eclipse.persistence.internal.sessions.UnitOfWorkImpl.commitToDatabaseWithChangeSet(UnitOfWorkImpl.java:1605)
	at org.eclipse.persistence.internal.sessions.RepeatableWriteUnitOfWork.commitRootUnitOfWork(RepeatableWriteUnitOfWork.java:287)
	at org.eclipse.persistence.internal.sessions.UnitOfWorkImpl.commitAndResume(UnitOfWorkImpl.java:1242)
	at org.eclipse.persistence.internal.jpa.transaction.EntityTransactionImpl.commit(EntityTransactionImpl.java:137)
	... 4 more
Caused by: java.sql.SQLIntegrityConstraintViolationException: Duplicate entry 'testuser' for key 'accounts.USERNAME'
	at com.mysql.cj.jdbc.exceptions.SQLError.createSQLException(SQLError.java:118)
	at com.mysql.cj.jdbc.exceptions.SQLExceptionsMapping.translateException(SQLExceptionsMapping.java:122)
	at com.mysql.cj.jdbc.ClientPreparedStatement.executeInternal(ClientPreparedStatement.java:916)
	at com.mysql.cj.jdbc.ClientPreparedStatement.executeUpdateInternal(ClientPreparedStatement.java:1061)
	at com.mysql.cj.jdbc.ClientPreparedStatement.executeUpdateInternal(ClientPreparedStatement.java:1009)
	at com.mysql.cj.jdbc.ClientPreparedStatement.executeLargeUpdate(ClientPreparedStatement.java:1320)
	at com.mysql.cj.jdbc.ClientPreparedStatement.executeUpdate(ClientPreparedStatement.java:994)
	at org.eclipse.persistence.internal.databaseaccess.DatabaseAccessor.executeDirectNoSelect(DatabaseAccessor.java:909)
	... 35 more
]]></error>
    <system-out><![CDATA[[EL Fine]: server: 2025-05-10 13:31:31.926--Thread(Thread[#1,main,5,main])--Configured server platform: org.eclipse.persistence.platform.server.NoServerPlatform
[EL Warning]: 2025-05-10 13:31:31.981--Thread(Thread[#1,main,5,main])--Java SE '22' is not fully supported yet. Report this error to the EclipseLink open source project. (There is no English translation for this message.)
[EL Fine]: 2025-05-10 13:31:31.983--Thread(Thread[#1,main,5,main])--Generating bytecode for Java SE '21'. (There is no English translation for this message.)
[EL Config]: metadata: 2025-05-10 13:31:32.124--ServerSession(231311211)--Thread(Thread[#1,main,5,main])--The access type for the persistent class [class Model.Assessment] is set to [FIELD].
[EL Config]: metadata: 2025-05-10 13:31:32.147--ServerSession(231311211)--Thread(Thread[#1,main,5,main])--The target entity (reference) class for the one to many mapping element [field submissions] is being defaulted to: class Model.Submission.
[EL Config]: metadata: 2025-05-10 13:31:32.149--ServerSession(231311211)--Thread(Thread[#1,main,5,main])--The target entity (reference) class for the one to many mapping element [field questions] is being defaulted to: class Model.Question.
[EL Config]: metadata: 2025-05-10 13:31:32.15--ServerSession(231311211)--Thread(Thread[#1,main,5,main])--The access type for the persistent class [class Model.NotificationRequest] is set to [FIELD].
[EL Config]: metadata: 2025-05-10 13:31:32.156--ServerSession(231311211)--Thread(Thread[#1,main,5,main])--The target entity (reference) class for the many to one mapping element [field student] is being defaulted to: class Model.Student.
[EL Config]: metadata: 2025-05-10 13:31:32.157--ServerSession(231311211)--Thread(Thread[#1,main,5,main])--The access type for the persistent class [class Model.Question] is set to [FIELD].
[EL Config]: metadata: 2025-05-10 13:31:32.158--ServerSession(231311211)--Thread(Thread[#1,main,5,main])--The target entity (reference) class for the many to one mapping element [field assessment] is being defaulted to: class Model.Assessment.
[EL Config]: metadata: 2025-05-10 13:31:32.161--ServerSession(231311211)--Thread(Thread[#1,main,5,main])--The target class (reference) class for the element collection mapping element [field options] is being defaulted to: class java.lang.String.
[EL Config]: metadata: 2025-05-10 13:31:32.162--ServerSession(231311211)--Thread(Thread[#1,main,5,main])--The access type for the persistent class [class Model.Account] is set to [FIELD].
[EL Config]: metadata: 2025-05-10 13:31:32.163--ServerSession(231311211)--Thread(Thread[#1,main,5,main])--The access type for the persistent class [class Model.Teacher] is set to [FIELD].
[EL Config]: metadata: 2025-05-10 13:31:32.163--ServerSession(231311211)--Thread(Thread[#1,main,5,main])--The target entity (reference) class for the one to many mapping element [field courses] is being defaulted to: class Model.Course.
[EL Config]: metadata: 2025-05-10 13:31:32.164--ServerSession(231311211)--Thread(Thread[#1,main,5,main])--The access type for the persistent class [class Model.Review] is set to [FIELD].
[EL Config]: metadata: 2025-05-10 13:31:32.164--ServerSession(231311211)--Thread(Thread[#1,main,5,main])--The target entity (reference) class for the many to one mapping element [field student] is being defaulted to: class Model.Student.
[EL Config]: metadata: 2025-05-10 13:31:32.166--ServerSession(231311211)--Thread(Thread[#1,main,5,main])--The target entity (reference) class for the many to one mapping element [field course] is being defaulted to: class Model.Course.
[EL Config]: metadata: 2025-05-10 13:31:32.167--ServerSession(231311211)--Thread(Thread[#1,main,5,main])--The access type for the persistent class [class Model.Lesson] is set to [FIELD].
[EL Config]: metadata: 2025-05-10 13:31:32.167--ServerSession(231311211)--Thread(Thread[#1,main,5,main])--The target entity (reference) class for the many to one mapping element [field chapter] is being defaulted to: class Model.Chapter.
[EL Config]: metadata: 2025-05-10 13:31:32.168--ServerSession(231311211)--Thread(Thread[#1,main,5,main])--The target entity (reference) class for the one to many mapping element [field attachment] is being defaulted to: class Model.FileMedia.
[EL Config]: metadata: 2025-05-10 13:31:32.168--ServerSession(231311211)--Thread(Thread[#1,main,5,main])--The access type for the persistent class [class Model.Description] is set to [FIELD].
[EL Config]: metadata: 2025-05-10 13:31:32.171--ServerSession(231311211)--Thread(Thread[#1,main,5,main])--The target entity (reference) class for the one to one mapping element [field course] is being defaulted to: class Model.Course.
[EL Config]: metadata: 2025-05-10 13:31:32.171--ServerSession(231311211)--Thread(Thread[#1,main,5,main])--The access type for the persistent class [class Model.Payment] is set to [FIELD].
[EL Config]: metadata: 2025-05-10 13:31:32.175--ServerSession(231311211)--Thread(Thread[#1,main,5,main])--The target entity (reference) class for the one to one mapping element [field order] is being defaulted to: class Model.Order.
[EL Config]: metadata: 2025-05-10 13:31:32.176--ServerSession(231311211)--Thread(Thread[#1,main,5,main])--The access type for the persistent class [class Model.Category] is set to [FIELD].
[EL Config]: metadata: 2025-05-10 13:31:32.176--ServerSession(231311211)--Thread(Thread[#1,main,5,main])--The target entity (reference) class for the one to many mapping element [field courses] is being defaulted to: class Model.Course.
[EL Config]: metadata: 2025-05-10 13:31:32.177--ServerSession(231311211)--Thread(Thread[#1,main,5,main])--The access type for the persistent class [class Model.Order] is set to [FIELD].
[EL Config]: metadata: 2025-05-10 13:31:32.177--ServerSession(231311211)--Thread(Thread[#1,main,5,main])--The target entity (reference) class for the many to one mapping element [field student] is being defaulted to: class Model.Student.
[EL Config]: metadata: 2025-05-10 13:31:32.177--ServerSession(231311211)--Thread(Thread[#1,main,5,main])--The target entity (reference) class for the many to one mapping element [field course] is being defaulted to: class Model.Course.
[EL Config]: metadata: 2025-05-10 13:31:32.178--ServerSession(231311211)--Thread(Thread[#1,main,5,main])--The target entity (reference) class for the one to one mapping element [field payment] is being defaulted to: class Model.Payment.
[EL Config]: metadata: 2025-05-10 13:31:32.178--ServerSession(231311211)--Thread(Thread[#1,main,5,main])--The access type for the persistent class [class Model.Course] is set to [FIELD].
[EL Config]: metadata: 2025-05-10 13:31:32.179--ServerSession(231311211)--Thread(Thread[#1,main,5,main])--The target entity (reference) class for the many to one mapping element [field teacher] is being defaulted to: class Model.Teacher.
[EL Config]: metadata: 2025-05-10 13:31:32.179--ServerSession(231311211)--Thread(Thread[#1,main,5,main])--The target entity (reference) class for the one to many mapping element [field reviews] is being defaulted to: class Model.Review.
[EL Config]: metadata: 2025-05-10 13:31:32.179--ServerSession(231311211)--Thread(Thread[#1,main,5,main])--The target entity (reference) class for the one to many mapping element [field chapters] is being defaulted to: class Model.Chapter.
[EL Config]: metadata: 2025-05-10 13:31:32.18--ServerSession(231311211)--Thread(Thread[#1,main,5,main])--The target entity (reference) class for the one to one mapping element [field description] is being defaulted to: class Model.Description.
[EL Config]: metadata: 2025-05-10 13:31:32.18--ServerSession(231311211)--Thread(Thread[#1,main,5,main])--The target entity (reference) class for the one to many mapping element [field orders] is being defaulted to: class Model.Order.
[EL Config]: metadata: 2025-05-10 13:31:32.18--ServerSession(231311211)--Thread(Thread[#1,main,5,main])--The target entity (reference) class for the many to one mapping element [field category] is being defaulted to: class Model.Category.
[EL Config]: metadata: 2025-05-10 13:31:32.181--ServerSession(231311211)--Thread(Thread[#1,main,5,main])--The access type for the persistent class [class Model.Chapter] is set to [FIELD].
[EL Config]: metadata: 2025-05-10 13:31:32.181--ServerSession(231311211)--Thread(Thread[#1,main,5,main])--The target entity (reference) class for the many to one mapping element [field course] is being defaulted to: class Model.Course.
[EL Config]: metadata: 2025-05-10 13:31:32.181--ServerSession(231311211)--Thread(Thread[#1,main,5,main])--The target entity (reference) class for the one to many mapping element [field lessons] is being defaulted to: class Model.Lesson.
[EL Config]: metadata: 2025-05-10 13:31:32.181--ServerSession(231311211)--Thread(Thread[#1,main,5,main])--The access type for the persistent class [class Model.Users] is set to [FIELD].
[EL Config]: metadata: 2025-05-10 13:31:32.182--ServerSession(231311211)--Thread(Thread[#1,main,5,main])--The access type for the persistent class [class Model.FileMedia] is set to [FIELD].
[EL Config]: metadata: 2025-05-10 13:31:32.182--ServerSession(231311211)--Thread(Thread[#1,main,5,main])--The target entity (reference) class for the many to one mapping element [field lesson] is being defaulted to: class Model.Lesson.
[EL Config]: metadata: 2025-05-10 13:31:32.183--ServerSession(231311211)--Thread(Thread[#1,main,5,main])--The access type for the persistent class [class Model.Submission] is set to [FIELD].
[EL Config]: metadata: 2025-05-10 13:31:32.183--ServerSession(231311211)--Thread(Thread[#1,main,5,main])--The target entity (reference) class for the many to one mapping element [field assessment] is being defaulted to: class Model.Assessment.
[EL Config]: metadata: 2025-05-10 13:31:32.184--ServerSession(231311211)--Thread(Thread[#1,main,5,main])--The target entity (reference) class for the many to one mapping element [field student] is being defaulted to: class Model.Student.
[EL Config]: metadata: 2025-05-10 13:31:32.186--ServerSession(231311211)--Thread(Thread[#1,main,5,main])--The target class (reference) class for the element collection mapping element [field studentResult] is being defaulted to: class java.lang.String.
[EL Config]: metadata: 2025-05-10 13:31:32.186--ServerSession(231311211)--Thread(Thread[#1,main,5,main])--The access type for the persistent class [class Model.Admin] is set to [FIELD].
[EL Config]: metadata: 2025-05-10 13:31:32.186--ServerSession(231311211)--Thread(Thread[#1,main,5,main])--The access type for the persistent class [class Model.Student] is set to [FIELD].
[EL Config]: metadata: 2025-05-10 13:31:32.187--ServerSession(231311211)--Thread(Thread[#1,main,5,main])--The target entity (reference) class for the one to many mapping element [field notificationRequests] is being defaulted to: class Model.NotificationRequest.
[EL Config]: metadata: 2025-05-10 13:31:32.187--ServerSession(231311211)--Thread(Thread[#1,main,5,main])--The target entity (reference) class for the one to many mapping element [field reviews] is being defaulted to: class Model.Review.
[EL Config]: metadata: 2025-05-10 13:31:32.187--ServerSession(231311211)--Thread(Thread[#1,main,5,main])--The target entity (reference) class for the one to many mapping element [field submissions] is being defaulted to: class Model.Submission.
[EL Config]: metadata: 2025-05-10 13:31:32.188--ServerSession(231311211)--Thread(Thread[#1,main,5,main])--The target entity (reference) class for the one to many mapping element [field orders] is being defaulted to: class Model.Order.
[EL Config]: metadata: 2025-05-10 13:31:32.188--ServerSession(231311211)--Thread(Thread[#1,main,5,main])--The alias name for the entity class [class Model.Assessment] is being defaulted to: Assessment.
[EL Config]: metadata: 2025-05-10 13:31:32.203--ServerSession(231311211)--Thread(Thread[#1,main,5,main])--The column name for element [duration] is being defaulted to: DURATION.
[EL Config]: metadata: 2025-05-10 13:31:32.204--ServerSession(231311211)--Thread(Thread[#1,main,5,main])--The column name for element [name] is being defaulted to: NAME.
[EL Config]: metadata: 2025-05-10 13:31:32.206--ServerSession(231311211)--Thread(Thread[#1,main,5,main])--The column name for element [description] is being defaulted to: DESCRIPTION.
[EL Config]: metadata: 2025-05-10 13:31:32.206--ServerSession(231311211)--Thread(Thread[#1,main,5,main])--The column name for element [passingScore] is being defaulted to: PASSINGSCORE.
[EL Config]: metadata: 2025-05-10 13:31:32.206--ServerSession(231311211)--Thread(Thread[#1,main,5,main])--The column name for element [maxScore] is being defaulted to: MAXSCORE.
[EL Config]: metadata: 2025-05-10 13:31:32.206--ServerSession(231311211)--Thread(Thread[#1,main,5,main])--The column name for element [assessmentId] is being defaulted to: ASSESSMENTID.
[EL Config]: metadata: 2025-05-10 13:31:32.207--ServerSession(231311211)--Thread(Thread[#1,main,5,main])--The alias name for the entity class [class Model.NotificationRequest] is being defaulted to: NotificationRequest.
[EL Config]: metadata: 2025-05-10 13:31:32.207--ServerSession(231311211)--Thread(Thread[#1,main,5,main])--The column name for element [sentDate] is being defaulted to: SENTDATE.
[EL Config]: metadata: 2025-05-10 13:31:32.208--ServerSession(231311211)--Thread(Thread[#1,main,5,main])--The column name for element [requestId] is being defaulted to: REQUESTID.
[EL Config]: metadata: 2025-05-10 13:31:32.209--ServerSession(231311211)--Thread(Thread[#1,main,5,main])--The column name for element [title] is being defaulted to: TITLE.
[EL Config]: metadata: 2025-05-10 13:31:32.209--ServerSession(231311211)--Thread(Thread[#1,main,5,main])--The column name for element [message] is being defaulted to: MESSAGE.
[EL Config]: metadata: 2025-05-10 13:31:32.209--ServerSession(231311211)--Thread(Thread[#1,main,5,main])--The alias name for the entity class [class Model.Question] is being defaulted to: Question.
[EL Config]: metadata: 2025-05-10 13:31:32.21--ServerSession(231311211)--Thread(Thread[#1,main,5,main])--The column name for element [id] is being defaulted to: ID.
[EL Config]: metadata: 2025-05-10 13:31:32.21--ServerSession(231311211)--Thread(Thread[#1,main,5,main])--The column name for element [correctAnswer] is being defaulted to: CORRECTANSWER.
[EL Config]: metadata: 2025-05-10 13:31:32.21--ServerSession(231311211)--Thread(Thread[#1,main,5,main])--The column name for element [quesId] is being defaulted to: QUESID.
[EL Config]: metadata: 2025-05-10 13:31:32.21--ServerSession(231311211)--Thread(Thread[#1,main,5,main])--The column name for element [questionText] is being defaulted to: QUESTIONTEXT.
[EL Config]: metadata: 2025-05-10 13:31:32.21--ServerSession(231311211)--Thread(Thread[#1,main,5,main])--The alias name for the entity class [class Model.Teacher] is being defaulted to: Teacher.
[EL Config]: metadata: 2025-05-10 13:31:32.211--ServerSession(231311211)--Thread(Thread[#1,main,5,main])--The alias name for the entity class [class Model.Account] is being defaulted to: Account.
[EL Config]: metadata: 2025-05-10 13:31:32.212--ServerSession(231311211)--Thread(Thread[#1,main,5,main])--The discriminator column name for the root inheritance class [Model.Account] is being defaulted to: DTYPE.
[EL Config]: metadata: 2025-05-10 13:31:32.213--ServerSession(231311211)--Thread(Thread[#1,main,5,main])--The column name for element [password] is being defaulted to: PASSWORD.
[EL Config]: metadata: 2025-05-10 13:31:32.213--ServerSession(231311211)--Thread(Thread[#1,main,5,main])--The column name for element [phone] is being defaulted to: PHONE.
[EL Config]: metadata: 2025-05-10 13:31:32.213--ServerSession(231311211)--Thread(Thread[#1,main,5,main])--The column name for element [avatar] is being defaulted to: AVATAR.
[EL Config]: metadata: 2025-05-10 13:31:32.214--ServerSession(231311211)--Thread(Thread[#1,main,5,main])--The column name for element [isActive] is being defaulted to: ISACTIVE.
[EL Config]: metadata: 2025-05-10 13:31:32.214--ServerSession(231311211)--Thread(Thread[#1,main,5,main])--The column name for element [email] is being defaulted to: EMAIL.
[EL Config]: metadata: 2025-05-10 13:31:32.214--ServerSession(231311211)--Thread(Thread[#1,main,5,main])--The column name for element [username] is being defaulted to: USERNAME.
[EL Config]: metadata: 2025-05-10 13:31:32.215--ServerSession(231311211)--Thread(Thread[#1,main,5,main])--The primary key column name for the inheritance class [class Model.Teacher] is being defaulted to: account_id.
[EL Config]: metadata: 2025-05-10 13:31:32.215--ServerSession(231311211)--Thread(Thread[#1,main,5,main])--The column name for element [qualifications] is being defaulted to: QUALIFICATIONS.
[EL Config]: metadata: 2025-05-10 13:31:32.215--ServerSession(231311211)--Thread(Thread[#1,main,5,main])--The column name for element [name] is being defaulted to: NAME.
[EL Config]: metadata: 2025-05-10 13:31:32.216--ServerSession(231311211)--Thread(Thread[#1,main,5,main])--The column name for element [bio] is being defaulted to: BIO.
[EL Config]: metadata: 2025-05-10 13:31:32.216--ServerSession(231311211)--Thread(Thread[#1,main,5,main])--The alias name for the entity class [class Model.Review] is being defaulted to: Review.
[EL Config]: metadata: 2025-05-10 13:31:32.216--ServerSession(231311211)--Thread(Thread[#1,main,5,main])--The column name for element [reviewDate] is being defaulted to: REVIEWDATE.
[EL Config]: metadata: 2025-05-10 13:31:32.216--ServerSession(231311211)--Thread(Thread[#1,main,5,main])--The column name for element [rating] is being defaulted to: RATING.
[EL Config]: metadata: 2025-05-10 13:31:32.216--ServerSession(231311211)--Thread(Thread[#1,main,5,main])--The column name for element [comment] is being defaulted to: COMMENT.
[EL Config]: metadata: 2025-05-10 13:31:32.22--ServerSession(231311211)--Thread(Thread[#1,main,5,main])--The column name for element [reviewId] is being defaulted to: REVIEWID.
[EL Config]: metadata: 2025-05-10 13:31:32.22--ServerSession(231311211)--Thread(Thread[#1,main,5,main])--The alias name for the entity class [class Model.Lesson] is being defaulted to: Lesson.
[EL Config]: metadata: 2025-05-10 13:31:32.22--ServerSession(231311211)--Thread(Thread[#1,main,5,main])--The column name for element [lessonIndex] is being defaulted to: LESSONINDEX.
[EL Config]: metadata: 2025-05-10 13:31:32.22--ServerSession(231311211)--Thread(Thread[#1,main,5,main])--The column name for element [lessonId] is being defaulted to: LESSONID.
[EL Config]: metadata: 2025-05-10 13:31:32.221--ServerSession(231311211)--Thread(Thread[#1,main,5,main])--The column name for element [description] is being defaulted to: DESCRIPTION.
[EL Config]: metadata: 2025-05-10 13:31:32.221--ServerSession(231311211)--Thread(Thread[#1,main,5,main])--The column name for element [title] is being defaulted to: TITLE.
[EL Config]: metadata: 2025-05-10 13:31:32.221--ServerSession(231311211)--Thread(Thread[#1,main,5,main])--The alias name for the entity class [class Model.Description] is being defaulted to: Description.
[EL Config]: metadata: 2025-05-10 13:31:32.221--ServerSession(231311211)--Thread(Thread[#1,main,5,main])--The column name for element [descriptionId] is being defaulted to: DESCRIPTIONID.
[EL Config]: metadata: 2025-05-10 13:31:32.221--ServerSession(231311211)--Thread(Thread[#1,main,5,main])--The column name for element [content] is being defaulted to: CONTENT.
[EL Config]: metadata: 2025-05-10 13:31:32.222--ServerSession(231311211)--Thread(Thread[#1,main,5,main])--The alias name for the entity class [class Model.Payment] is being defaulted to: Payment.
[EL Config]: metadata: 2025-05-10 13:31:32.222--ServerSession(231311211)--Thread(Thread[#1,main,5,main])--The column name for element [amount] is being defaulted to: AMOUNT.
[EL Config]: metadata: 2025-05-10 13:31:32.222--ServerSession(231311211)--Thread(Thread[#1,main,5,main])--The column name for element [paymentId] is being defaulted to: PAYMENTID.
[EL Config]: metadata: 2025-05-10 13:31:32.222--ServerSession(231311211)--Thread(Thread[#1,main,5,main])--The column name for element [paymentMethod] is being defaulted to: PAYMENTMETHOD.
[EL Config]: metadata: 2025-05-10 13:31:32.225--ServerSession(231311211)--Thread(Thread[#1,main,5,main])--The column name for element [paymentDate] is being defaulted to: PAYMENTDATE.
[EL Config]: metadata: 2025-05-10 13:31:32.225--ServerSession(231311211)--Thread(Thread[#1,main,5,main])--The column name for element [status] is being defaulted to: STATUS.
[EL Config]: metadata: 2025-05-10 13:31:32.225--ServerSession(231311211)--Thread(Thread[#1,main,5,main])--The alias name for the entity class [class Model.Category] is being defaulted to: Category.
[EL Config]: metadata: 2025-05-10 13:31:32.225--ServerSession(231311211)--Thread(Thread[#1,main,5,main])--The column name for element [name] is being defaulted to: NAME.
[EL Config]: metadata: 2025-05-10 13:31:32.225--ServerSession(231311211)--Thread(Thread[#1,main,5,main])--The column name for element [description] is being defaulted to: DESCRIPTION.
[EL Config]: metadata: 2025-05-10 13:31:32.226--ServerSession(231311211)--Thread(Thread[#1,main,5,main])--The column name for element [categoryId] is being defaulted to: CATEGORYID.
[EL Config]: metadata: 2025-05-10 13:31:32.226--ServerSession(231311211)--Thread(Thread[#1,main,5,main])--The alias name for the entity class [class Model.Order] is being defaulted to: Order.
[EL Config]: metadata: 2025-05-10 13:31:32.226--ServerSession(231311211)--Thread(Thread[#1,main,5,main])--The column name for element [totalPrice] is being defaulted to: TOTALPRICE.
[EL Config]: metadata: 2025-05-10 13:31:32.227--ServerSession(231311211)--Thread(Thread[#1,main,5,main])--The column name for element [orderDate] is being defaulted to: ORDERDATE.
[EL Config]: metadata: 2025-05-10 13:31:32.227--ServerSession(231311211)--Thread(Thread[#1,main,5,main])--The alias name for the entity class [class Model.Course] is being defaulted to: Course.
[EL Config]: metadata: 2025-05-10 13:31:32.227--ServerSession(231311211)--Thread(Thread[#1,main,5,main])--The column name for element [thumbnail] is being defaulted to: THUMBNAIL.
[EL Config]: metadata: 2025-05-10 13:31:32.228--ServerSession(231311211)--Thread(Thread[#1,main,5,main])--The column name for element [price] is being defaulted to: PRICE.
[EL Config]: metadata: 2025-05-10 13:31:32.228--ServerSession(231311211)--Thread(Thread[#1,main,5,main])--The column name for element [title] is being defaulted to: TITLE.
[EL Config]: metadata: 2025-05-10 13:31:32.228--ServerSession(231311211)--Thread(Thread[#1,main,5,main])--The column name for element [courseId] is being defaulted to: COURSEID.
[EL Config]: metadata: 2025-05-10 13:31:32.228--ServerSession(231311211)--Thread(Thread[#1,main,5,main])--The alias name for the entity class [class Model.Chapter] is being defaulted to: Chapter.
[EL Config]: metadata: 2025-05-10 13:31:32.229--ServerSession(231311211)--Thread(Thread[#1,main,5,main])--The column name for element [chapterOrder] is being defaulted to: CHAPTERORDER.
[EL Config]: metadata: 2025-05-10 13:31:32.229--ServerSession(231311211)--Thread(Thread[#1,main,5,main])--The column name for element [chapterId] is being defaulted to: CHAPTERID.
[EL Config]: metadata: 2025-05-10 13:31:32.229--ServerSession(231311211)--Thread(Thread[#1,main,5,main])--The column name for element [title] is being defaulted to: TITLE.
[EL Config]: metadata: 2025-05-10 13:31:32.229--ServerSession(231311211)--Thread(Thread[#1,main,5,main])--The alias name for the entity class [class Model.Users] is being defaulted to: Users.
[EL Config]: metadata: 2025-05-10 13:31:32.23--ServerSession(231311211)--Thread(Thread[#1,main,5,main])--The column name for element [id] is being defaulted to: ID.
[EL Config]: metadata: 2025-05-10 13:31:32.23--ServerSession(231311211)--Thread(Thread[#1,main,5,main])--The alias name for the entity class [class Model.FileMedia] is being defaulted to: FileMedia.
[EL Config]: metadata: 2025-05-10 13:31:32.23--ServerSession(231311211)--Thread(Thread[#1,main,5,main])--The column name for element [fileName] is being defaulted to: FILENAME.
[EL Config]: metadata: 2025-05-10 13:31:32.231--ServerSession(231311211)--Thread(Thread[#1,main,5,main])--The column name for element [fileUrl] is being defaulted to: FILEURL.
[EL Config]: metadata: 2025-05-10 13:31:32.231--ServerSession(231311211)--Thread(Thread[#1,main,5,main])--The column name for element [id] is being defaulted to: ID.
[EL Config]: metadata: 2025-05-10 13:31:32.231--ServerSession(231311211)--Thread(Thread[#1,main,5,main])--The column name for element [fileType] is being defaulted to: FILETYPE.
[EL Config]: metadata: 2025-05-10 13:31:32.231--ServerSession(231311211)--Thread(Thread[#1,main,5,main])--The column name for element [fileId] is being defaulted to: FILEID.
[EL Config]: metadata: 2025-05-10 13:31:32.231--ServerSession(231311211)--Thread(Thread[#1,main,5,main])--The alias name for the entity class [class Model.Submission] is being defaulted to: Submission.
[EL Config]: metadata: 2025-05-10 13:31:32.232--ServerSession(231311211)--Thread(Thread[#1,main,5,main])--The column name for element [submissId] is being defaulted to: SUBMISSID.
[EL Config]: metadata: 2025-05-10 13:31:32.232--ServerSession(231311211)--Thread(Thread[#1,main,5,main])--The column name for element [score] is being defaulted to: SCORE.
[EL Config]: metadata: 2025-05-10 13:31:32.232--ServerSession(231311211)--Thread(Thread[#1,main,5,main])--The column name for element [completedAt] is being defaulted to: COMPLETEDAT.
[EL Config]: metadata: 2025-05-10 13:31:32.233--ServerSession(231311211)--Thread(Thread[#1,main,5,main])--The column name for element [status] is being defaulted to: STATUS.
[EL Config]: metadata: 2025-05-10 13:31:32.233--ServerSession(231311211)--Thread(Thread[#1,main,5,main])--The alias name for the entity class [class Model.Admin] is being defaulted to: Admin.
[EL Config]: metadata: 2025-05-10 13:31:32.233--ServerSession(231311211)--Thread(Thread[#1,main,5,main])--The primary key column name for the inheritance class [class Model.Admin] is being defaulted to: account_id.
[EL Config]: metadata: 2025-05-10 13:31:32.233--ServerSession(231311211)--Thread(Thread[#1,main,5,main])--The alias name for the entity class [class Model.Student] is being defaulted to: Student.
[EL Config]: metadata: 2025-05-10 13:31:32.233--ServerSession(231311211)--Thread(Thread[#1,main,5,main])--The primary key column name for the inheritance class [class Model.Student] is being defaulted to: account_id.
[EL Config]: metadata: 2025-05-10 13:31:32.269--ServerSession(231311211)--Thread(Thread[#1,main,5,main])--The primary key column name for the mapping element [field options] is being defaulted to: ID.
[EL Config]: metadata: 2025-05-10 13:31:32.272--ServerSession(231311211)--Thread(Thread[#1,main,5,main])--The primary key column name for the mapping element [field applicableDays] is being defaulted to: DESCRIPTIONID.
[EL Config]: metadata: 2025-05-10 13:31:32.273--ServerSession(231311211)--Thread(Thread[#1,main,5,main])--The primary key column name for the mapping element [field studentResult] is being defaulted to: SUBMISSID.
[EL Config]: metadata: 2025-05-10 13:31:32.281--ServerSession(231311211)--Thread(Thread[#1,main,5,main])--The primary key column name for the mapping element [field assessment] is being defaulted to: ASSESSMENTID.
[EL Config]: metadata: 2025-05-10 13:31:32.281--ServerSession(231311211)--Thread(Thread[#1,main,5,main])--The primary key column name for the mapping element [field student] is being defaulted to: account_id.
[EL Config]: metadata: 2025-05-10 13:31:32.281--ServerSession(231311211)--Thread(Thread[#1,main,5,main])--The primary key column name for the mapping element [field course] is being defaulted to: COURSEID.
[EL Config]: metadata: 2025-05-10 13:31:32.282--ServerSession(231311211)--Thread(Thread[#1,main,5,main])--The primary key column name for the mapping element [field chapter] is being defaulted to: CHAPTERID.
[EL Config]: metadata: 2025-05-10 13:31:32.282--ServerSession(231311211)--Thread(Thread[#1,main,5,main])--The primary key column name for the mapping element [field order] is being defaulted to: order_id.
[EL Config]: metadata: 2025-05-10 13:31:32.282--ServerSession(231311211)--Thread(Thread[#1,main,5,main])--The primary key column name for the mapping element [field student] is being defaulted to: account_id.
[EL Config]: metadata: 2025-05-10 13:31:32.282--ServerSession(231311211)--Thread(Thread[#1,main,5,main])--The primary key column name for the mapping element [field course] is being defaulted to: COURSEID.
[EL Config]: metadata: 2025-05-10 13:31:32.282--ServerSession(231311211)--Thread(Thread[#1,main,5,main])--The primary key column name for the mapping element [field teacher] is being defaulted to: account_id.
[EL Config]: metadata: 2025-05-10 13:31:32.283--ServerSession(231311211)--Thread(Thread[#1,main,5,main])--The primary key column name for the mapping element [field category] is being defaulted to: CATEGORYID.
[EL Config]: metadata: 2025-05-10 13:31:32.283--ServerSession(231311211)--Thread(Thread[#1,main,5,main])--The primary key column name for the mapping element [field course] is being defaulted to: COURSEID.
[EL Config]: metadata: 2025-05-10 13:31:32.284--ServerSession(231311211)--Thread(Thread[#1,main,5,main])--The primary key column name for the mapping element [field lesson] is being defaulted to: LESSONID.
[EL Config]: metadata: 2025-05-10 13:31:32.284--ServerSession(231311211)--Thread(Thread[#1,main,5,main])--The primary key column name for the mapping element [field assessment] is being defaulted to: ASSESSMENTID.
[EL Config]: metadata: 2025-05-10 13:31:32.285--ServerSession(231311211)--Thread(Thread[#1,main,5,main])--The primary key column name for the mapping element [field student] is being defaulted to: account_id.
[EL Info]: 2025-05-10 13:31:32.473--ServerSession(231311211)--Thread(Thread[#1,main,5,main])--EclipseLink, version: Eclipse Persistence Services - 4.0.2.v202306161219
[EL Fine]: connection: 2025-05-10 13:31:32.974--Thread(Thread[#1,main,5,main])--Detected database platform: org.eclipse.persistence.platform.database.MySQLPlatform
[EL Fine]: connection: 2025-05-10 13:31:32.983--ServerSession(231311211)--Connection(1511180072)--Thread(Thread[#1,main,5,main])--connecting(DatabaseLogin(
	platform=>MySQLPlatform
	user name=> "root"
	datasource URL=> "jdbc:mysql://localhost:3306/mydb?serverTimezone=UTC"
))
[EL Config]: connection: 2025-05-10 13:31:33.026--ServerSession(231311211)--Connection(622772003)--Thread(Thread[#1,main,5,main])--Connected: jdbc:mysql://localhost:3306/mydb?serverTimezone=UTC
	User: root@localhost
	Database: MySQL  Version: 9.2.0
	Driver: MySQL Connector/J  Version: mysql-connector-j-8.0.33 (Revision: 7d6b0800528b6b25c68b52dc10d6c1c8429c100c)
[EL Warning]: metadata: 2025-05-10 13:31:33.034--ServerSession(231311211)--Thread(Thread[#1,main,5,main])--Reverting the lazy setting on the OneToOne or ManyToOne attribute [teacher] for the entity class [class Model.Course] since weaving was not enabled or did not occur.
[EL Warning]: metadata: 2025-05-10 13:31:33.034--ServerSession(231311211)--Thread(Thread[#1,main,5,main])--Reverting the lazy setting on the OneToOne or ManyToOne attribute [description] for the entity class [class Model.Course] since weaving was not enabled or did not occur.
[EL Warning]: metadata: 2025-05-10 13:31:33.034--ServerSession(231311211)--Thread(Thread[#1,main,5,main])--Reverting the lazy setting on the OneToOne or ManyToOne attribute [category] for the entity class [class Model.Course] since weaving was not enabled or did not occur.
[EL Warning]: metadata: 2025-05-10 13:31:33.036--ServerSession(231311211)--Thread(Thread[#1,main,5,main])--Reverting the lazy setting on the OneToOne or ManyToOne attribute [student] for the entity class [class Model.NotificationRequest] since weaving was not enabled or did not occur.
[EL Warning]: metadata: 2025-05-10 13:31:33.036--ServerSession(231311211)--Thread(Thread[#1,main,5,main])--Reverting the lazy setting on the OneToOne or ManyToOne attribute [course] for the entity class [class Model.Description] since weaving was not enabled or did not occur.
[EL Warning]: metadata: 2025-05-10 13:31:33.037--ServerSession(231311211)--Thread(Thread[#1,main,5,main])--Reverting the lazy setting on the OneToOne or ManyToOne attribute [order] for the entity class [class Model.Payment] since weaving was not enabled or did not occur.
[EL Warning]: metadata: 2025-05-10 13:31:33.037--ServerSession(231311211)--Thread(Thread[#1,main,5,main])--Reverting the lazy setting on the OneToOne or ManyToOne attribute [assessment] for the entity class [class Model.Question] since weaving was not enabled or did not occur.
[EL Warning]: metadata: 2025-05-10 13:31:33.037--ServerSession(231311211)--Thread(Thread[#1,main,5,main])--Reverting the lazy setting on the OneToOne or ManyToOne attribute [chapter] for the entity class [class Model.Lesson] since weaving was not enabled or did not occur.
[EL Warning]: metadata: 2025-05-10 13:31:33.038--ServerSession(231311211)--Thread(Thread[#1,main,5,main])--Reverting the lazy setting on the OneToOne or ManyToOne attribute [lesson] for the entity class [class Model.FileMedia] since weaving was not enabled or did not occur.
[EL Warning]: metadata: 2025-05-10 13:31:33.038--ServerSession(231311211)--Thread(Thread[#1,main,5,main])--Reverting the lazy setting on the OneToOne or ManyToOne attribute [student] for the entity class [class Model.Order] since weaving was not enabled or did not occur.
[EL Warning]: metadata: 2025-05-10 13:31:33.038--ServerSession(231311211)--Thread(Thread[#1,main,5,main])--Reverting the lazy setting on the OneToOne or ManyToOne attribute [course] for the entity class [class Model.Order] since weaving was not enabled or did not occur.
[EL Warning]: metadata: 2025-05-10 13:31:33.038--ServerSession(231311211)--Thread(Thread[#1,main,5,main])--Reverting the lazy setting on the OneToOne or ManyToOne attribute [payment] for the entity class [class Model.Order] since weaving was not enabled or did not occur.
[EL Warning]: metadata: 2025-05-10 13:31:33.038--ServerSession(231311211)--Thread(Thread[#1,main,5,main])--Reverting the lazy setting on the OneToOne or ManyToOne attribute [student] for the entity class [class Model.Review] since weaving was not enabled or did not occur.
[EL Warning]: metadata: 2025-05-10 13:31:33.038--ServerSession(231311211)--Thread(Thread[#1,main,5,main])--Reverting the lazy setting on the OneToOne or ManyToOne attribute [course] for the entity class [class Model.Review] since weaving was not enabled or did not occur.
[EL Warning]: metadata: 2025-05-10 13:31:33.039--ServerSession(231311211)--Thread(Thread[#1,main,5,main])--Reverting the lazy setting on the OneToOne or ManyToOne attribute [course] for the entity class [class Model.Chapter] since weaving was not enabled or did not occur.
[EL Warning]: metadata: 2025-05-10 13:31:33.039--ServerSession(231311211)--Thread(Thread[#1,main,5,main])--Reverting the lazy setting on the OneToOne or ManyToOne attribute [assessment] for the entity class [class Model.Submission] since weaving was not enabled or did not occur.
[EL Warning]: metadata: 2025-05-10 13:31:33.04--ServerSession(231311211)--Thread(Thread[#1,main,5,main])--Reverting the lazy setting on the OneToOne or ManyToOne attribute [student] for the entity class [class Model.Submission] since weaving was not enabled or did not occur.
[EL Fine]: connection: 2025-05-10 13:31:33.07--ServerSession(231311211)--Thread(Thread[#1,main,5,main])--/file:/C:/Users/LENOVO/OneDrive/Tài liệu/NetBeansProjects/el1/target/classes/_MyWebAppPU login successful
[EL Fine]: 2025-05-10 13:31:33.086--Thread(Thread[#1,main,5,main])--JsonPlatformProvider class org.eclipse.persistence.pgsql.PostgreSQLJsonPlatformProvider was not found
[EL Fine]: 2025-05-10 13:31:33.092--Thread(Thread[#1,main,5,main])--JsonPlatformProvider class org.eclipse.persistence.platform.database.oracle.json.OracleJsonPlatformProvider was not found
[EL Fine]: 2025-05-10 13:31:33.092--Thread(Thread[#1,main,5,main])--JsonPlatformProvider class org.eclipse.persistence.json.DefaultJsonPlatformProvider was not found
[EL Config]: metadata: 2025-05-10 13:31:33.104--Thread(Thread[#1,main,5,main])--The default table generator could not locate or convert a java type (class ENum.ScheduleDay) into a database type for database field (description_schedule.schedule_day). The generator uses "java.lang.String" as default java type for the field.
[EL Fine]: moxy: 2025-05-10 13:31:33.186--Thread(Thread[#1,main,5,main])--SAXParserFactory instance: com.sun.org.apache.xerces.internal.jaxp.SAXParserFactoryImpl@19f040ba
[EL Fine]: sql: 2025-05-10 13:31:33.21--ClientSession(1811880447)--Connection(622772003)--Thread(Thread[#1,main,5,main])--INSERT INTO accounts (AVATAR, EMAIL, ISACTIVE, PASSWORD, PHONE, USERNAME, DTYPE) VALUES (?, ?, ?, ?, ?, ?, ?)
	bind => [null, test@example.com, true, testpass, null, testuser, Account]
[EL Fine]: sql: 2025-05-10 13:31:33.253--ClientSession(1811880447)--Thread(Thread[#1,main,5,main])--SELECT 1
[EL Warning]: 2025-05-10 13:31:33.254--UnitOfWork(633727380)--Thread(Thread[#1,main,5,main])--Exception [EclipseLink-4002] (Eclipse Persistence Services - 4.0.2.v202306161219): org.eclipse.persistence.exceptions.DatabaseException
Internal Exception: java.sql.SQLIntegrityConstraintViolationException: Duplicate entry 'testuser' for key 'accounts.USERNAME'
Error Code: 1062
Call: INSERT INTO accounts (AVATAR, EMAIL, ISACTIVE, PASSWORD, PHONE, USERNAME, DTYPE) VALUES (?, ?, ?, ?, ?, ?, ?)
	bind => [null, test@example.com, true, testpass, null, testuser, Account]
Query: InsertObjectQuery(Model.Account@31ff1390)
]]></system-out>
  </testcase>
</testsuite>